
> stock@0.1.0 build
> next build

??Next.js 16.1.0 (Turbopack)

  Creating an optimized production build ...
??Compiled successfully in 2.3s
  Running TypeScript ...
  Collecting page data using 11 workers ...
  Generating static pages using 11 workers (0/19) ...
  Generating static pages using 11 workers (4/19) 
Please consider completing the survey at https://bit.ly/yahoo-finance-api-feedback if you haven't already; for more info see https://github.com/gadicc/yahoo-finance2/issues/764#issuecomment-2056623851.  This will only be shown once, but you can suppress this message in future with `new YahooFinance({ suppressNotices: ['yahooSurvey'] })`.
Please consider completing the survey at https://bit.ly/yahoo-finance-api-feedback if you haven't already; for more info see https://github.com/gadicc/yahoo-finance2/issues/764#issuecomment-2056623851.  This will only be shown once, but you can suppress this message in future with `new YahooFinance({ suppressNotices: ['yahooSurvey'] })`.
Please consider completing the survey at https://bit.ly/yahoo-finance-api-feedback if you haven't already; for more info see https://github.com/gadicc/yahoo-finance2/issues/764#issuecomment-2056623851.  This will only be shown once, but you can suppress this message in future with `new YahooFinance({ suppressNotices: ['yahooSurvey'] })`.
Please consider completing the survey at https://bit.ly/yahoo-finance-api-feedback if you haven't already; for more info see https://github.com/gadicc/yahoo-finance2/issues/764#issuecomment-2056623851.  This will only be shown once, but you can suppress this message in future with `new YahooFinance({ suppressNotices: ['yahooSurvey'] })`.
  Generating static pages using 11 workers (9/19) 
  Generating static pages using 11 workers (14/19) 
??Generating static pages using 11 workers (19/19) in 1623.7ms
  Finalizing page optimization ...

Route (app)                      Revalidate  Expire
????/
????/_not-found
??? /api/chart
??? /api/cron/report
????/api/live/market                    30s      1y
??? /api/live/news
??? /api/live/options/atm
??? /api/live/options/structure
??? /api/live/overview
??? /api/live/ticker
??? /api/market/macro
??? /api/market/status
??? /api/report/raw
??? /api/report/run
??? /api/report/status
??? /api/reports/archive
??? /api/reports/generate
??? /api/reports/latest
??? /api/stock
??? /ticker
????/tier-01


?? (Static)   prerendered as static content
?  (Dynamic)  server-rendered on demand

