
--- REPORT GEN START: 2026-01-07T11:58:38.406Z ---
[AMD MATCH] Tier: WATCH, Triggers: ["WHALE_IN"], Complete: true, SELECTED: true
[Sniper] Candidates: AAPL, AMZN, GILD, AMGN, AMD
[Sniper] Analyzing AAPL...
[Sniper] Analyzing AMZN...
[Sniper] Analyzing GILD...
[Sniper] Analyzing AMGN...
[Sniper] Analyzing AMD...
[Sniper] Result for AMD: Index=0, Entry=undefined
[Sniper] Result for AMGN: Index=0, Entry=undefined
[Sniper] Result for GILD: Index=0, Entry=undefined
[Sniper] Result for AAPL: Index=0, Entry=undefined
[Sniper] Result for AMZN: Index=0, Entry=undefined

--- REPORT GEN START: 2026-01-07T12:02:20.151Z ---
[AMD MATCH] Tier: WATCH, Triggers: ["WHALE_IN"], Complete: true, SELECTED: true
[Sniper] Candidates: AAPL, AMZN, GILD, AMGN, AMD
[Sniper] Analyzing AAPL...
[Sniper] Analyzing AMZN...
[Sniper] Analyzing GILD...
[Sniper] Analyzing AMGN...
[Sniper] Analyzing AMD...
[Sniper] Result for GILD: Index=0, Entry=undefined
[Sniper] Result for AAPL: Index=0, Entry=undefined
[Sniper] Result for AMZN: Index=0, Entry=undefined
[Sniper] Result for AMD: Index=0, Entry=undefined
[Sniper] Result for AMGN: Index=0, Entry=undefined
