=== GEMS ENGINE: INCREMENTAL BACKFILL + ATM SNAPSHOT STARTED ===
[1/4] Acquiring Macro & Universe Baseline...
Please consider completing the survey at https://bit.ly/yahoo-finance-api-feedback if you haven't already; for more info see https://github.com/gadicc/yahoo-finance2/issues/764#issuecomment-2056623851.  This will only be shown once, but you can suppress this message in future with `new YahooFinance({ suppressNotices: ['yahooSurvey'] })`.
[S-38] Building Universe (Limit: 20)...
[S-38] Added 0 Gainers.
[S-38] After High Volume/Price Filter: 0 candidates.
[S-38] Injected Fallback Leaders. Total: 17
[S-38] Universe Candidates Count: 17
[S-16] Plan: universeCount=17, plannedRequests=18, concurrency=2, delayMs=200
[S-16] Stage 1: snapRes tickers: 16, Matched: 16
[S-38] Stage 1 Complete. Universe: 16, Heavy Top-K: 5
[Massive] MSFT Target Expiry: 2025-12-26, Total Results: 250
[Massive] Fetching page 2 for MSFT...
[Massive] Fetching page 3 for MSFT...
[Massive] Fetching page 4 for MSFT...
[Massive] Fetching page 5 for MSFT...
[Massive] Fetching page 6 for MSFT...
[Massive] Fetching page 7 for MSFT...
[Massive] Fetching page 8 for MSFT...
[Massive] MSFT Valid Contracts: 184
[Massive] ARM Target Expiry: 2025-12-26, Total Results: 250
[Massive] Fetching page 2 for ARM...
[Massive] Fetching page 3 for ARM...
[Massive] Fetching page 4 for ARM...
[Massive] Fetching page 5 for ARM...
[Massive] Fetching page 6 for ARM...
[Massive] Fetching page 7 for ARM...
[Massive] Fetching page 8 for ARM...
[Massive] ARM Valid Contracts: 168
[Massive] PYPL Target Expiry: 2025-12-26, Total Results: 250
[Massive] Fetching page 2 for PYPL...
[Massive] Fetching page 3 for PYPL...
[Massive] Fetching page 4 for PYPL...
[Massive] Fetching page 5 for PYPL...
[Massive] PYPL Valid Contracts: 82
[Massive] TSLA Target Expiry: 2025-12-26, Total Results: 250
[Massive] Fetching page 2 for TSLA...
[Massive] Fetching page 3 for TSLA...
[Massive] Fetching page 4 for TSLA...
[Massive] Fetching page 5 for TSLA...
[Massive] Fetching page 6 for TSLA...
[Massive] Fetching page 7 for TSLA...
[Massive] Fetching page 8 for TSLA...
[Massive] TSLA Valid Contracts: 364
[Massive] GOOGL Target Expiry: 2025-12-26, Total Results: 250
[Massive] Fetching page 2 for GOOGL...
[Massive] Fetching page 3 for GOOGL...
[Massive] Fetching page 4 for GOOGL...
[Massive] Fetching page 5 for GOOGL...
[Massive] Fetching page 6 for GOOGL...
[Massive] Fetching page 7 for GOOGL...
[Massive] Fetching page 8 for GOOGL...
[Massive] GOOGL Valid Contracts: 172
[S-16/21] Result: okCount=6, failCount=0, failCodes={}

--- ROUND 1/1 ---
[DEBUG] First Merged Ticker: ARM, Price: 111.55, Volume: 2160467
[S-38D] Sanitizing Universe... (Raw: 16)
[S-38D] Sanitization Complete. Excluded: 0, Remaining: 16
[Massive] NFLX Target Expiry: 2025-12-26, Total Results: 250
[Massive] Fetching page 2 for NFLX...
[Massive] Fetching page 3 for NFLX...
[Massive] Fetching page 4 for NFLX...
[Massive] Fetching page 5 for NFLX...
[Massive] Fetching page 6 for NFLX...
[Massive] Fetching page 7 for NFLX...
[Massive] Fetching page 8 for NFLX...
[Massive] NFLX Valid Contracts: 362
[Massive] AMD Target Expiry: 2025-12-26, Total Results: 250
[Massive] Fetching page 2 for AMD...
[Massive] Fetching page 3 for AMD...
[Massive] Fetching page 4 for AMD...
[Massive] Fetching page 5 for AMD...
[Massive] Fetching page 6 for AMD...
[Massive] Fetching page 7 for AMD...
[Massive] Fetching page 8 for AMD...
[Massive] AMD Valid Contracts: 184
[Massive] SMCI Target Expiry: 2025-12-26, Total Results: 250
[Massive] Fetching page 2 for SMCI...
[Massive] Fetching page 3 for SMCI...
[Massive] Fetching page 4 for SMCI...
[Massive] Fetching page 5 for SMCI...
[Massive] Fetching page 6 for SMCI...
[Massive] Fetching page 7 for SMCI...
[Massive] SMCI Valid Contracts: 126
[Massive] COIN Target Expiry: 2025-12-26, Total Results: 250
[Massive] Fetching page 2 for COIN...
[Massive] Fetching page 3 for COIN...
[Massive] Fetching page 4 for COIN...
[Massive] Fetching page 5 for COIN...
[Massive] Fetching page 6 for COIN...
[Massive] Fetching page 7 for COIN...
[Massive] Fetching page 8 for COIN...
[Massive] COIN Valid Contracts: 202
=== GEMS ENGINE: DONE (Round 1) ===
