=== GEMS ENGINE: INCREMENTAL BACKFILL + ATM SNAPSHOT STARTED ===
[1/4] Acquiring Macro & Universe Baseline...
Please consider completing the survey at https://bit.ly/yahoo-finance-api-feedback if you haven't already; for more info see https://github.com/gadicc/yahoo-finance2/issues/764#issuecomment-2056623851.  This will only be shown once, but you can suppress this message in future with `new YahooFinance({ suppressNotices: ['yahooSurvey'] })`.
[S-40] Building Universe (Limit: 200)...
[S-40] Added 0 Gainers.
[S-40] Added 0 Losers.
[S-40] After Volume/Price Filter: 200 from snapshot, Total: 200
[S-40] Added 150 from Grouped Aggs (2025-12-24). Total: 200
[S-40] Universe Candidates Final Count: 200
[S-16] Plan: universeCount=200, plannedRequests=201, concurrency=2, delayMs=200
[S-16] Stage 1: snapRes tickers: 200, Matched: 200
[S-38] Stage 1 Complete. Universe: 200, Heavy Top-K: 15
[Massive] GDX Target Expiry: 2025-12-26, Total Results: 250
[Massive] Fetching page 2 for GDX...
[Massive] Fetching page 3 for GDX...
[Massive] Fetching page 4 for GDX...
[Massive] Fetching page 5 for GDX...
[Massive] Fetching page 6 for GDX...
[Massive] Fetching page 7 for GDX...
[Massive] Fetching page 8 for GDX...
[Massive] GDX Valid Contracts: 136
[Massive] IEFA Target Expiry: 2026-01-16, Total Results: 196
[Massive] IEFA Valid Contracts: 42
[Massive] IONQ Target Expiry: 2025-12-26, Total Results: 250
[Massive] Fetching page 2 for IONQ...
[Massive] Fetching page 3 for IONQ...
[Massive] Fetching page 4 for IONQ...
[Massive] IONQ Valid Contracts: 130
[Massive] ACN Target Expiry: 2025-12-26, Total Results: 250
[Massive] Fetching page 2 for ACN...
[Massive] Fetching page 3 for ACN...
[Massive] Fetching page 4 for ACN...
[Massive] Fetching page 5 for ACN...
[Massive] Fetching page 6 for ACN...
[Massive] Fetching page 7 for ACN...
[Massive] ACN Valid Contracts: 102
[Massive] CMCSA Target Expiry: 2025-12-26, Total Results: 250
[Massive] Fetching page 2 for CMCSA...
[Massive] Fetching page 3 for CMCSA...
[Massive] Fetching page 4 for CMCSA...
[Massive] CMCSA Valid Contracts: 70
[Massive] IBIT Target Expiry: 2025-12-26, Total Results: 250
[Massive] Fetching page 2 for IBIT...
[Massive] Fetching page 3 for IBIT...
[Massive] Fetching page 4 for IBIT...
[Massive] Fetching page 5 for IBIT...
[Massive] Fetching page 6 for IBIT...
[Massive] Fetching page 7 for IBIT...
[Massive] Fetching page 8 for IBIT...
[Massive] IBIT Valid Contracts: 156
node.exe : [S-38D] Eligibility Gate: NO_OPT
IONS_LISTED for AMCI
위치 줄:1 문자:1
+ & "C:\Program Files\nodejs/node.exe" "C:\
Program Files\nodejs/node_mo ...
+ ~~~~~~~~~~~~~~~~~~~~~~~~~~~~~~~~~~~~~~~~~
~~~~~~~~~~~~~~~~~~~~~~~~~~~~
    + CategoryInfo          : NotSpecified 
   : ([S-38D] Eligibi...LISTED for AMCI:S  
  tring) [], RemoteException
    + FullyQualifiedErrorId : NativeComman 
   dError
 
[Massive] COIN Target Expiry: 2025-12-26, Total Results: 250
[Massive] Fetching page 2 for COIN...
[Massive] Fetching page 3 for COIN...
[Massive] Fetching page 4 for COIN...
[Massive] Fetching page 5 for COIN...
[Massive] Fetching page 6 for COIN...
[Massive] Fetching page 7 for COIN...
[Massive] Fetching page 8 for COIN...
[Massive] COIN Valid Contracts: 202
[Massive] VCSH Target Expiry: 2026-01-16, Total Results: 88
[Massive] VCSH Valid Contracts: 22
[Massive] ABBV Target Expiry: 2025-12-26, Total Results: 250
[Massive] Fetching page 2 for ABBV...
[Massive] Fetching page 3 for ABBV...
[Massive] Fetching page 4 for ABBV...
[Massive] Fetching page 5 for ABBV...
[Massive] Fetching page 6 for ABBV...
[Massive] ABBV Valid Contracts: 98
[Massive] MA Target Expiry: 2025-12-26, Total Results: 250
[Massive] Fetching page 2 for MA...
[Massive] Fetching page 3 for MA...
[Massive] Fetching page 4 for MA...
[Massive] Fetching page 5 for MA...
[Massive] Fetching page 6 for MA...
[Massive] Fetching page 7 for MA...
[Massive] Fetching page 8 for MA...
[Massive] MA Valid Contracts: 188
[Massive] SHOP Target Expiry: 2025-12-26, Total Results: 250
[Massive] Fetching page 2 for SHOP...
[Massive] Fetching page 3 for SHOP...
[Massive] Fetching page 4 for SHOP...
[Massive] Fetching page 5 for SHOP...
[Massive] Fetching page 6 for SHOP...
[Massive] Fetching page 7 for SHOP...
[Massive] SHOP Valid Contracts: 108
[Massive] BMNR Target Expiry: 2025-12-26, Total Results: 250
[Massive] Fetching page 2 for BMNR...
[Massive] Fetching page 3 for BMNR...
[Massive] Fetching page 4 for BMNR...
[Massive] Fetching page 5 for BMNR...
[Massive] BMNR Valid Contracts: 156
[Massive] WDC Target Expiry: 2025-12-26, Total Results: 250
[Massive] Fetching page 2 for WDC...
[Massive] Fetching page 3 for WDC...
[Massive] Fetching page 4 for WDC...
[Massive] Fetching page 5 for WDC...
[Massive] Fetching page 6 for WDC...
[Massive] Fetching page 7 for WDC...
[Massive] Fetching page 8 for WDC...
[Massive] WDC Valid Contracts: 130
[Massive] VTI Target Expiry: 2026-01-16, Total Results: 250
[Massive] Fetching page 2 for VTI...
[Massive] Fetching page 3 for VTI...
[Massive] VTI Valid Contracts: 142
[S-16/21] Result: okCount=15, failCount=1, failCodes={"ERR":1}

--- ROUND 1/1 ---
[S-38D] Sanitizing Universe... (Raw: 200)
[S-38D] Sanitization Complete. Excluded: 9, Remaining: 191
[S-38D] Eligibility Gate: NO_OPTIONS_LISTED
 for AMCI
[S-41] SELECTION OK: 12 tickers selected (ALPHA:3, CORE:7, HIGH_RISK:2)
=== GEMS ENGINE: DONE (Round 1) ===
