=== GEMS ENGINE: INCREMENTAL BACKFILL + ATM SNAPSHOT STARTED ===
[1/4] Acquiring Macro & Universe Baseline...
Please consider completing the survey at https://bit.ly/yahoo-finance-api-feedback if you haven't already; for more info see https://github.com/gadicc/yahoo-finance2/issues/764#issuecomment-2056623851.  This will only be shown once, but you can suppress this message in future with `new YahooFinance({ suppressNotices: ['yahooSurvey'] })`.
[S-38] Building Universe (Limit: 50)...
[S-38] Added 0 Gainers.
[S-38] After High Volume/Price Filter: 0 candidates.
[S-38] Injected Fallback Leaders. Total: 17
[S-38] Universe Candidates Count: 17
[S-16] Plan: universeCount=17, plannedRequests=18, concurrency=2, delayMs=200
[S-16] Stage 1: snapRes tickers: 16, Matched: 16
[S-38] Stage 1 Complete. Universe: 16, Heavy Top-K: 10
[Massive] PYPL Target Expiry: 2025-12-26, Total Results: 250
[Massive] Fetching page 2 for PYPL...
[Massive] Fetching page 3 for PYPL...
[Massive] Fetching page 4 for PYPL...
[Massive] Fetching page 5 for PYPL...
[Massive] PYPL Valid Contracts: 82
[Massive] TSLA Target Expiry: 2025-12-26, Total Results: 250
[Massive] Fetching page 2 for TSLA...
[Massive] Fetching page 3 for TSLA...
[Massive] Fetching page 4 for TSLA...
[Massive] Fetching page 5 for TSLA...
[Massive] Fetching page 6 for TSLA...
[Massive] Fetching page 7 for TSLA...
[Massive] Fetching page 8 for TSLA...
[Massive] TSLA Valid Contracts: 364
[Massive] GOOGL Target Expiry: 2025-12-26, Total Results: 250
[Massive] Fetching page 2 for GOOGL...
[Massive] Fetching page 3 for GOOGL...
[Massive] Fetching page 4 for GOOGL...
[Massive] Fetching page 5 for GOOGL...
[Massive] Fetching page 6 for GOOGL...
[Massive] Fetching page 7 for GOOGL...
[Massive] Fetching page 8 for GOOGL...
[Massive] GOOGL Valid Contracts: 172
[Massive] NFLX Target Expiry: 2025-12-26, Total Results: 250
[Massive] Fetching page 2 for NFLX...
[Massive] Fetching page 3 for NFLX...
[Massive] Fetching page 4 for NFLX...
[Massive] Fetching page 5 for NFLX...
[Massive] Fetching page 6 for NFLX...
[Massive] Fetching page 7 for NFLX...
[Massive] Fetching page 8 for NFLX...
[Massive] NFLX Valid Contracts: 362
[Massive] AMD Target Expiry: 2025-12-26, Total Results: 250
[Massive] Fetching page 2 for AMD...
[Massive] Fetching page 3 for AMD...
[Massive] Fetching page 4 for AMD...
[Massive] Fetching page 5 for AMD...
[Massive] Fetching page 6 for AMD...
[Massive] Fetching page 7 for AMD...
[Massive] Fetching page 8 for AMD...
[Massive] AMD Valid Contracts: 184
[Massive] SMCI Target Expiry: 2025-12-26, Total Results: 250
[Massive] Fetching page 2 for SMCI...
[Massive] Fetching page 3 for SMCI...
[Massive] Fetching page 4 for SMCI...
[Massive] Fetching page 5 for SMCI...
[Massive] Fetching page 6 for SMCI...
[Massive] Fetching page 7 for SMCI...
[Massive] SMCI Valid Contracts: 126
[Massive] COIN Target Expiry: 2025-12-26, Total Results: 250
[Massive] Fetching page 2 for COIN...
[Massive] Fetching page 3 for COIN...
[Massive] Fetching page 4 for COIN...
[Massive] Fetching page 5 for COIN...
[Massive] Fetching page 6 for COIN...
[Massive] Fetching page 7 for COIN...
[Massive] Fetching page 8 for COIN...
[Massive] COIN Valid Contracts: 202
[Massive] NVDA Target Expiry: 2025-12-26, Total Results: 250
[Massive] Fetching page 2 for NVDA...
[Massive] Fetching page 3 for NVDA...
[Massive] Fetching page 4 for NVDA...
[Massive] Fetching page 5 for NVDA...
[Massive] Fetching page 6 for NVDA...
[Massive] Fetching page 7 for NVDA...
[Massive] Fetching page 8 for NVDA...
[Massive] NVDA Valid Contracts: 146
[Massive] PLTR Target Expiry: 2025-12-26, Total Results: 250
[Massive] Fetching page 2 for PLTR...
[Massive] Fetching page 3 for PLTR...
[Massive] Fetching page 4 for PLTR...
[Massive] Fetching page 5 for PLTR...
[Massive] Fetching page 6 for PLTR...
[Massive] Fetching page 7 for PLTR...
[Massive] Fetching page 8 for PLTR...
[Massive] PLTR Valid Contracts: 126
[Massive] AVGO Target Expiry: 2025-12-26, Total Results: 250
[Massive] Fetching page 2 for AVGO...
[Massive] Fetching page 3 for AVGO...
[Massive] Fetching page 4 for AVGO...
[Massive] Fetching page 5 for AVGO...
[Massive] Fetching page 6 for AVGO...
[Massive] Fetching page 7 for AVGO...
[Massive] Fetching page 8 for AVGO...
[Massive] AVGO Valid Contracts: 218
[S-16/21] Result: okCount=11, failCount=0, failCodes={}

--- ROUND 1/1 ---
[S-38D] Sanitizing Universe... (Raw: 16)
[Sanitize] AAPL EXCLUDED (PENNY_FILTER: $0.00)
[Sanitize] META EXCLUDED (PENNY_FILTER: $0.00)
[Sanitize] MSTR EXCLUDED (WARRANT_SUFFIX)
[Sanitize] AMZN EXCLUDED (PENNY_FILTER: $0.00)
[Sanitize] MSFT EXCLUDED (PENNY_FILTER: $0.00)
[Sanitize] ARM EXCLUDED (PENNY_FILTER: $0.00)
[Sanitize] NVDA EXCLUDED (PENNY_FILTER: $0.00)
[Sanitize] TSLA EXCLUDED (PENNY_FILTER: $0.00)
[Sanitize] PLTR EXCLUDED (WARRANT_SUFFIX)
[Sanitize] GOOGL EXCLUDED (PENNY_FILTER: $0.00)
[Sanitize] AVGO EXCLUDED (PENNY_FILTER: $0.00)
[Sanitize] AMD EXCLUDED (PENNY_FILTER: $0.00)
[Sanitize] PYPL EXCLUDED (PENNY_FILTER: $0.00)
[Sanitize] COIN EXCLUDED (PENNY_FILTER: $0.00)
[Sanitize] SMCI EXCLUDED (PENNY_FILTER: $0.00)
[Sanitize] NFLX EXCLUDED (PENNY_FILTER: $0.00)
[S-38D] Sanitization Complete. Excluded: 16, Remaining: 0
node.exe : [S-38D] QUALITY GATE FAIL: Eligi
ble universe too small (0 < 1)
위치 줄:1 문자:1
+ & "C:\Program Files\nodejs/node.exe" "C:\
Program Files\nodejs/node_mo ...
+ ~~~~~~~~~~~~~~~~~~~~~~~~~~~~~~~~~~~~~~~~~
~~~~~~~~~~~~~~~~~~~~~~~~~~~~
    + CategoryInfo          : NotSpecified 
   : ([S-38D] QUALITY...o small (0 < 1):S  
  tring) [], RemoteException
    + FullyQualifiedErrorId : NativeComman 
   dError
 
